<?xml version="1.0" encoding="UTF-8"?>
<!-- Generated by org.testng.reporters.JUnitReportReporter -->
<testsuite skipped="0" hostname="Prateek-DCCPL" name="com.Test.Book_A_Flight_Test" tests="3" failures="0" timestamp="12 Dec 2018 13:12:45 GMT" time="48.810" errors="0">
  <testcase name="Verify_Book_A_Flight" time="16.511" classname="com.Test.Book_A_Flight_Test"/>
  <testcase name="Book_A_Flight_Details" time="14.063" classname="com.Test.Book_A_Flight_Test"/>
  <testcase name="Book_A_Flight_Details_1" time="18.236" classname="com.Test.Book_A_Flight_Test"/>
</testsuite> <!-- com.Test.Book_A_Flight_Test -->
