<?xml version="1.0" encoding="UTF-8"?>
<!-- Generated by org.testng.reporters.JUnitReportReporter -->
<testsuite skipped="0" hostname="Prateek-DCCPL" name="com.Test.SelectFlightTest" tests="2" failures="0" timestamp="12 Dec 2018 13:12:45 GMT" time="25.948" errors="0">
  <testcase name="SelectFlight_in_page_verify" time="12.308" classname="com.Test.SelectFlightTest"/>
  <testcase name="Verify_Depart_Return_Details" time="13.640" classname="com.Test.SelectFlightTest"/>
</testsuite> <!-- com.Test.SelectFlightTest -->
