<?xml version="1.0" encoding="UTF-8"?>
<!-- Generated by org.testng.reporters.JUnitReportReporter -->
<testsuite skipped="0" hostname="Prateek-DCCPL" name="com.Test.Sigm_in_test" tests="2" failures="0" timestamp="12 Dec 2018 13:12:45 GMT" time="17.523" errors="0">
  <testcase name="Sign_in_page_verify" time="6.611" classname="com.Test.Sigm_in_test"/>
  <testcase name="Sign_in_page" time="10.912" classname="com.Test.Sigm_in_test"/>
</testsuite> <!-- com.Test.Sigm_in_test -->
