<?xml version="1.0" encoding="UTF-8"?>
<!-- Generated by org.testng.reporters.JUnitReportReporter -->
<testsuite skipped="0" hostname="Prateek-DCCPL" name="com.Test.FlightConfirmationPageTest" tests="3" failures="0" timestamp="12 Dec 2018 13:12:45 GMT" time="53.634" errors="0">
  <testcase name="FlightConfirmationpage_verify" time="19.422" classname="com.Test.FlightConfirmationPageTest"/>
  <testcase name="FlightConfirmationpage_verify_1" time="17.417" classname="com.Test.FlightConfirmationPageTest"/>
  <testcase name="FlightConfirmationpage_verify_2" time="16.795" classname="com.Test.FlightConfirmationPageTest"/>
</testsuite> <!-- com.Test.FlightConfirmationPageTest -->
