<?xml version="1.0" encoding="UTF-8"?>
<!-- Generated by org.testng.reporters.JUnitReportReporter -->
<testsuite skipped="0" hostname="Prateek-DCCPL" name="com.Test.FlightFinderPage" tests="2" failures="0" timestamp="12 Dec 2018 13:12:45 GMT" time="21.979" errors="0">
  <testcase name="FlightFinder_in_page_verify" time="9.048" classname="com.Test.FlightFinderPage"/>
  <testcase name="ValidateFlightFinder" time="12.931" classname="com.Test.FlightFinderPage"/>
</testsuite> <!-- com.Test.FlightFinderPage -->
